<?xml version="1.0" encoding="UTF-8"?>
<testng-results skipped="0" failed="1" total="2" passed="1">
  <reporter-output>
  </reporter-output>
  <suite name="Suite" duration-ms="12790" started-at="2022-05-02T17:44:12Z" finished-at="2022-05-02T17:44:25Z">
    <groups>
    </groups>
    <test name="Post Call Tests" duration-ms="12790" started-at="2022-05-02T17:44:12Z" finished-at="2022-05-02T17:44:25Z">
      <class name="com.mk.tests.PostRequestTest">
        <test-method status="FAIL" signature="reqresPostCall(com.mk.pojos.Users)[pri:0, instance:com.mk.tests.PostRequestTest@7c75222b]" name="reqresPostCall" duration-ms="9649" started-at="2022-05-02T23:14:13Z" data-provider="PostCallTestData" finished-at="2022-05-02T23:14:22Z">
          <params>
            <param index="0">
              <value>
                <![CDATA[com.mk.pojos.Users@705202d1]]>
              </value>
            </param>
          </params>
          <exception class="java.lang.AssertionError">
            <message>
              <![CDATA[[Validate response time] 
Expecting actual:
  5L
to be less than:
  5L ]]>
            </message>
            <full-stacktrace>
              <![CDATA[java.lang.AssertionError: [Validate response time] 
Expecting actual:
  5L
to be less than:
  5L 
	at com.mk.tests.PostRequestTest.reqresPostCall(PostRequestTest.java:34)
	at sun.reflect.NativeMethodAccessorImpl.invoke0(Native Method)
	at sun.reflect.NativeMethodAccessorImpl.invoke(NativeMethodAccessorImpl.java:62)
	at sun.reflect.DelegatingMethodAccessorImpl.invoke(DelegatingMethodAccessorImpl.java:43)
	at java.lang.reflect.Method.invoke(Method.java:498)
	at org.testng.internal.MethodInvocationHelper.invokeMethod(MethodInvocationHelper.java:86)
	at org.testng.internal.Invoker.invokeMethod(Invoker.java:645)
	at org.testng.internal.Invoker.invokeTestMethod(Invoker.java:822)
	at org.testng.internal.Invoker.invokeTestMethods(Invoker.java:1130)
	at org.testng.internal.TestMethodWorker.invokeTestMethods(TestMethodWorker.java:129)
	at org.testng.internal.TestMethodWorker.run(TestMethodWorker.java:112)
	at org.testng.TestRunner.privateRun(TestRunner.java:782)
	at org.testng.TestRunner.run(TestRunner.java:632)
	at org.testng.SuiteRunner.runTest(SuiteRunner.java:366)
	at org.testng.SuiteRunner.runSequentially(SuiteRunner.java:361)
	at org.testng.SuiteRunner.privateRun(SuiteRunner.java:319)
	at org.testng.SuiteRunner.run(SuiteRunner.java:268)
	at org.testng.SuiteRunnerWorker.runSuite(SuiteRunnerWorker.java:52)
	at org.testng.SuiteRunnerWorker.run(SuiteRunnerWorker.java:86)
	at org.testng.TestNG.runSuitesSequentially(TestNG.java:1244)
	at org.testng.TestNG.runSuitesLocally(TestNG.java:1169)
	at org.testng.TestNG.run(TestNG.java:1064)
	at org.testng.remote.RemoteTestNG.run(RemoteTestNG.java:113)
	at org.testng.remote.RemoteTestNG.initAndRun(RemoteTestNG.java:206)
	at org.testng.remote.RemoteTestNG.main(RemoteTestNG.java:177)
]]>
            </full-stacktrace>
          </exception> <!-- java.lang.AssertionError -->
          <reporter-output>
          </reporter-output>
        </test-method> <!-- reqresPostCall -->
        <test-method status="PASS" signature="reqresPostCall(com.mk.pojos.Users)[pri:0, instance:com.mk.tests.PostRequestTest@7c75222b]" name="reqresPostCall" duration-ms="2305" started-at="2022-05-02T23:14:22Z" data-provider="PostCallTestData" finished-at="2022-05-02T23:14:25Z">
          <params>
            <param index="0">
              <value>
                <![CDATA[com.mk.pojos.Users@517704]]>
              </value>
            </param>
          </params>
          <reporter-output>
          </reporter-output>
        </test-method> <!-- reqresPostCall -->
      </class> <!-- com.mk.tests.PostRequestTest -->
    </test> <!-- Post Call Tests -->
  </suite> <!-- Suite -->
</testng-results>
